  simulator.c
D:\Markman Dropbox\Etay Markman\אוניברסיטה\שנה 3\מבנה המחשב\פרוייקט\simulator\simulator\simulator.c(307,107): warning C4554: '>>': check operator precedence for possible error; use parentheses to clarify precedence
D:\Markman Dropbox\Etay Markman\אוניברסיטה\שנה 3\מבנה המחשב\פרוייקט\simulator\simulator\simulator.c(307,127): warning C4554: '<<': check operator precedence for possible error; use parentheses to clarify precedence
D:\Markman Dropbox\Etay Markman\אוניברסיטה\שנה 3\מבנה המחשב\פרוייקט\simulator\simulator\simulator.c(724,1): warning C4047: 'initializing': 'char *' differs in levels of indirection from 'char (*)[9]'
D:\Markman Dropbox\Etay Markman\אוניברסיטה\שנה 3\מבנה המחשב\פרוייקט\simulator\simulator\simulator.c(753,24): warning C4047: 'function': 'const char *' differs in levels of indirection from 'char **'
D:\Markman Dropbox\Etay Markman\אוניברסיטה\שנה 3\מבנה המחשב\פרוייקט\simulator\simulator\simulator.c(753,24): warning C4024: 'fopen': different types for formal and actual parameter 1
D:\Markman Dropbox\Etay Markman\אוניברסיטה\שנה 3\מבנה המחשב\פרוייקט\simulator\simulator\simulator.c(809,25): warning C4114: same type qualifier used more than once
D:\Markman Dropbox\Etay Markman\אוניברסיטה\שנה 3\מבנה המחשב\פרוייקט\simulator\simulator\simulator.c(821,11): warning C4114: same type qualifier used more than once
D:\Markman Dropbox\Etay Markman\אוניברסיטה\שנה 3\מבנה המחשב\פרוייקט\simulator\simulator\simulator.c(823,27): warning C4047: 'function': 'char **' differs in levels of indirection from 'char *'
D:\Markman Dropbox\Etay Markman\אוניברסיטה\שנה 3\מבנה המחשב\פרוייקט\simulator\simulator\simulator.c(823,27): warning C4024: 'openFile': different types for formal and actual parameter 1
D:\Markman Dropbox\Etay Markman\אוניברסיטה\שנה 3\מבנה המחשב\פרוייקט\simulator\simulator\simulator.c(827,26): warning C4047: 'function': 'char **' differs in levels of indirection from 'char *'
D:\Markman Dropbox\Etay Markman\אוניברסיטה\שנה 3\מבנה המחשב\פרוייקט\simulator\simulator\simulator.c(827,26): warning C4024: 'openFile': different types for formal and actual parameter 1
D:\Markman Dropbox\Etay Markman\אוניברסיטה\שנה 3\מבנה המחשב\פרוייקט\simulator\simulator\simulator.c(828,26): warning C4047: 'function': 'char **' differs in levels of indirection from 'char *'
D:\Markman Dropbox\Etay Markman\אוניברסיטה\שנה 3\מבנה המחשב\פרוייקט\simulator\simulator\simulator.c(828,26): warning C4024: 'openFile': different types for formal and actual parameter 1
D:\Markman Dropbox\Etay Markman\אוניברסיטה\שנה 3\מבנה המחשב\פרוייקט\simulator\simulator\simulator.c(829,25): warning C4047: 'function': 'char **' differs in levels of indirection from 'char *'
D:\Markman Dropbox\Etay Markman\אוניברסיטה\שנה 3\מבנה המחשב\פרוייקט\simulator\simulator\simulator.c(829,25): warning C4024: 'openFile': different types for formal and actual parameter 1
D:\Markman Dropbox\Etay Markman\אוניברסיטה\שנה 3\מבנה המחשב\פרוייקט\simulator\simulator\simulator.c(830,29): warning C4047: 'function': 'char **' differs in levels of indirection from 'char *'
D:\Markman Dropbox\Etay Markman\אוניברסיטה\שנה 3\מבנה המחשב\פרוייקט\simulator\simulator\simulator.c(830,29): warning C4024: 'openFile': different types for formal and actual parameter 1
D:\Markman Dropbox\Etay Markman\אוניברסיטה\שנה 3\מבנה המחשב\פרוייקט\simulator\simulator\simulator.c(831,27): warning C4047: 'function': 'char **' differs in levels of indirection from 'char *'
D:\Markman Dropbox\Etay Markman\אוניברסיטה\שנה 3\מבנה המחשב\פרוייקט\simulator\simulator\simulator.c(831,27): warning C4024: 'openFile': different types for formal and actual parameter 1
D:\Markman Dropbox\Etay Markman\אוניברסיטה\שנה 3\מבנה המחשב\פרוייקט\simulator\simulator\simulator.c(832,31): warning C4047: 'function': 'char **' differs in levels of indirection from 'char *'
D:\Markman Dropbox\Etay Markman\אוניברסיטה\שנה 3\מבנה המחשב\פרוייקט\simulator\simulator\simulator.c(832,31): warning C4024: 'openFile': different types for formal and actual parameter 1
D:\Markman Dropbox\Etay Markman\אוניברסיטה\שנה 3\מבנה המחשב\פרוייקט\simulator\simulator\simulator.c(833,30): warning C4047: '=': 'char (*)[9]' differs in levels of indirection from 'char *'
D:\Markman Dropbox\Etay Markman\אוניברסיטה\שנה 3\מבנה המחשב\פרוייקט\simulator\simulator\simulator.c(834,33): warning C4047: '=': 'char (*)[9]' differs in levels of indirection from 'char *'
D:\Markman Dropbox\Etay Markman\אוניברסיטה\שנה 3\מבנה המחשב\פרוייקט\simulator\simulator\simulator.c(855,28): warning C4047: 'function': 'char **' differs in levels of indirection from 'char *'
D:\Markman Dropbox\Etay Markman\אוניברסיטה\שנה 3\מבנה המחשב\פרוייקט\simulator\simulator\simulator.c(855,28): warning C4024: 'openFile': different types for formal and actual parameter 1
D:\Markman Dropbox\Etay Markman\אוניברסיטה\שנה 3\מבנה המחשב\פרוייקט\simulator\simulator\simulator.c(856,27): warning C4047: 'function': 'char **' differs in levels of indirection from 'char *'
D:\Markman Dropbox\Etay Markman\אוניברסיטה\שנה 3\מבנה המחשב\פרוייקט\simulator\simulator\simulator.c(856,27): warning C4024: 'openFile': different types for formal and actual parameter 1
D:\Markman Dropbox\Etay Markman\אוניברסיטה\שנה 3\מבנה המחשב\פרוייקט\simulator\simulator\simulator.c(857,27): warning C4047: 'function': 'char **' differs in levels of indirection from 'char *'
D:\Markman Dropbox\Etay Markman\אוניברסיטה\שנה 3\מבנה המחשב\פרוייקט\simulator\simulator\simulator.c(857,27): warning C4024: 'openFile': different types for formal and actual parameter 1
D:\Markman Dropbox\Etay Markman\אוניברסיטה\שנה 3\מבנה המחשב\פרוייקט\simulator\simulator\simulator.c(858,29): warning C4047: 'function': 'char **' differs in levels of indirection from 'char *'
D:\Markman Dropbox\Etay Markman\אוניברסיטה\שנה 3\מבנה המחשב\פרוייקט\simulator\simulator\simulator.c(858,29): warning C4024: 'openFile': different types for formal and actual parameter 1
D:\Markman Dropbox\Etay Markman\אוניברסיטה\שנה 3\מבנה המחשב\פרוייקט\simulator\simulator\simulator.c(804): warning C4715: 'Create': not all control paths return a value
  simulator.vcxproj -> D:\Markman Dropbox\Etay Markman\אוניברסיטה\שנה 3\מבנה המחשב\פרוייקט\simulator\Debug\simulator.exe
